-------------------------------------------------------------------------------
Test set: com.lsk.netdisk.auth.tests.EmailTest
-------------------------------------------------------------------------------
Tests run: 1, Failures: 0, Errors: 1, Skipped: 0, Time elapsed: 0.013 s <<< FAILURE! - in com.lsk.netdisk.auth.tests.EmailTest
initializationError  Time elapsed: 0.002 s  <<< ERROR!
java.lang.Exception: No runnable methods

